<?xml version="1.0" encoding="UTF-8"?>
<testsuite xmlns:xsi="http://www.w3.org/2001/XMLSchema-instance" xsi:noNamespaceSchemaLocation="https://maven.apache.org/surefire/maven-surefire-plugin/xsd/surefire-test-report.xsd" name="hu.vodafone.AppTest" time="0.034" tests="1" errors="0" skipped="0" failures="0">
  <properties>
    <property name="java.specification.version" value="17"/>
    <property name="sun.cpu.isalist" value="amd64"/>
    <property name="sun.jnu.encoding" value="Cp1250"/>
    <property name="java.class.path" value="C:\VodafoneJÓKÓDOK\Vodafone-Updater\target\test-classes;C:\VodafoneJÓKÓDOK\Vodafone-Updater\target\classes;C:\Users\Viktor\.m2\repository\mysql\mysql-connector-java\8.0.19\mysql-connector-java-8.0.19.jar;C:\Users\Viktor\.m2\repository\com\google\protobuf\protobuf-java\3.6.1\protobuf-java-3.6.1.jar;C:\Users\Viktor\.m2\repository\org\projectlombok\lombok\1.18.22\lombok-1.18.22.jar;C:\Users\Viktor\.m2\repository\junit\junit\4.11\junit-4.11.jar;C:\Users\Viktor\.m2\repository\org\hamcrest\hamcrest-core\1.3\hamcrest-core-1.3.jar;C:\Users\Viktor\.m2\repository\org\asynchttpclient\async-http-client\2.2.0\async-http-client-2.2.0.jar;C:\Users\Viktor\.m2\repository\org\asynchttpclient\async-http-client-netty-utils\2.2.0\async-http-client-netty-utils-2.2.0.jar;C:\Users\Viktor\.m2\repository\io\netty\netty-buffer\4.1.20.Final\netty-buffer-4.1.20.Final.jar;C:\Users\Viktor\.m2\repository\io\netty\netty-codec-http\4.1.20.Final\netty-codec-http-4.1.20.Final.jar;C:\Users\Viktor\.m2\repository\io\netty\netty-codec\4.1.20.Final\netty-codec-4.1.20.Final.jar;C:\Users\Viktor\.m2\repository\io\netty\netty-handler\4.1.20.Final\netty-handler-4.1.20.Final.jar;C:\Users\Viktor\.m2\repository\io\netty\netty-transport\4.1.20.Final\netty-transport-4.1.20.Final.jar;C:\Users\Viktor\.m2\repository\io\netty\netty-codec-socks\4.1.20.Final\netty-codec-socks-4.1.20.Final.jar;C:\Users\Viktor\.m2\repository\io\netty\netty-handler-proxy\4.1.20.Final\netty-handler-proxy-4.1.20.Final.jar;C:\Users\Viktor\.m2\repository\io\netty\netty-transport-native-epoll\4.1.20.Final\netty-transport-native-epoll-4.1.20.Final-linux-x86_64.jar;C:\Users\Viktor\.m2\repository\io\netty\netty-common\4.1.20.Final\netty-common-4.1.20.Final.jar;C:\Users\Viktor\.m2\repository\io\netty\netty-transport-native-unix-common\4.1.20.Final\netty-transport-native-unix-common-4.1.20.Final.jar;C:\Users\Viktor\.m2\repository\io\netty\netty-resolver-dns\4.1.20.Final\netty-resolver-dns-4.1.20.Final.jar;C:\Users\Viktor\.m2\repository\io\netty\netty-resolver\4.1.20.Final\netty-resolver-4.1.20.Final.jar;C:\Users\Viktor\.m2\repository\io\netty\netty-codec-dns\4.1.20.Final\netty-codec-dns-4.1.20.Final.jar;C:\Users\Viktor\.m2\repository\com\typesafe\netty\netty-reactive-streams\2.0.0\netty-reactive-streams-2.0.0.jar;C:\Users\Viktor\.m2\repository\io\netty\netty-all\5.0.0.Alpha2\netty-all-5.0.0.Alpha2.jar;C:\Users\Viktor\.m2\repository\org\slf4j\slf4j-api\1.6.1\slf4j-api-1.6.1.jar;C:\Users\Viktor\.m2\repository\org\slf4j\slf4j-simple\1.7.21\slf4j-simple-1.7.21.jar;C:\Users\Viktor\.m2\repository\org\apache\httpcomponents\httpclient\4.5.13\httpclient-4.5.13.jar;C:\Users\Viktor\.m2\repository\org\apache\httpcomponents\httpcore\4.4.13\httpcore-4.4.13.jar;C:\Users\Viktor\.m2\repository\commons-codec\commons-codec\1.11\commons-codec-1.11.jar;C:\Users\Viktor\.m2\repository\commons-logging\commons-logging\1.2\commons-logging-1.2.jar;C:\Users\Viktor\.m2\repository\com\turo\pushy\0.10\pushy-0.10.jar;C:\Users\Viktor\.m2\repository\io\netty\netty-codec-http2\4.1.11.Final\netty-codec-http2-4.1.11.Final.jar;C:\Users\Viktor\.m2\repository\io\netty\netty-tcnative-boringssl-static\2.0.1.Final\netty-tcnative-boringssl-static-2.0.1.Final.jar;C:\Users\Viktor\.m2\repository\com\google\code\gson\gson\2.8.0\gson-2.8.0.jar;C:\Users\Viktor\.m2\repository\org\reactivestreams\reactive-streams\1.0.3\reactive-streams-1.0.3.jar;C:\Users\Viktor\.m2\repository\commons-io\commons-io\2.11.0\commons-io-2.11.0.jar;"/>
    <property name="java.vm.vendor" value="Oracle Corporation"/>
    <property name="sun.arch.data.model" value="64"/>
    <property name="user.variant" value=""/>
    <property name="java.vendor.url" value="https://java.oracle.com/"/>
    <property name="user.timezone" value="Europe/Budapest"/>
    <property name="os.name" value="Windows 10"/>
    <property name="java.vm.specification.version" value="17"/>
    <property name="sun.java.launcher" value="SUN_STANDARD"/>
    <property name="user.country" value="HU"/>
    <property name="sun.boot.library.path" value="C:\Users\Viktor\.jdks\openjdk-17.0.1\bin"/>
    <property name="sun.java.command" value="C:\Users\Viktor\AppData\Local\Temp\surefire4134179880071003562\surefirebooter7692855815863421708.jar C:\Users\Viktor\AppData\Local\Temp\surefire4134179880071003562 2023-01-30T12-17-10_094-jvmRun1 surefire7019890372185250948tmp surefire_08978950870033768369tmp"/>
    <property name="jdk.debug" value="release"/>
    <property name="surefire.test.class.path" value="C:\VodafoneJÓKÓDOK\Vodafone-Updater\target\test-classes;C:\VodafoneJÓKÓDOK\Vodafone-Updater\target\classes;C:\Users\Viktor\.m2\repository\mysql\mysql-connector-java\8.0.19\mysql-connector-java-8.0.19.jar;C:\Users\Viktor\.m2\repository\com\google\protobuf\protobuf-java\3.6.1\protobuf-java-3.6.1.jar;C:\Users\Viktor\.m2\repository\org\projectlombok\lombok\1.18.22\lombok-1.18.22.jar;C:\Users\Viktor\.m2\repository\junit\junit\4.11\junit-4.11.jar;C:\Users\Viktor\.m2\repository\org\hamcrest\hamcrest-core\1.3\hamcrest-core-1.3.jar;C:\Users\Viktor\.m2\repository\org\asynchttpclient\async-http-client\2.2.0\async-http-client-2.2.0.jar;C:\Users\Viktor\.m2\repository\org\asynchttpclient\async-http-client-netty-utils\2.2.0\async-http-client-netty-utils-2.2.0.jar;C:\Users\Viktor\.m2\repository\io\netty\netty-buffer\4.1.20.Final\netty-buffer-4.1.20.Final.jar;C:\Users\Viktor\.m2\repository\io\netty\netty-codec-http\4.1.20.Final\netty-codec-http-4.1.20.Final.jar;C:\Users\Viktor\.m2\repository\io\netty\netty-codec\4.1.20.Final\netty-codec-4.1.20.Final.jar;C:\Users\Viktor\.m2\repository\io\netty\netty-handler\4.1.20.Final\netty-handler-4.1.20.Final.jar;C:\Users\Viktor\.m2\repository\io\netty\netty-transport\4.1.20.Final\netty-transport-4.1.20.Final.jar;C:\Users\Viktor\.m2\repository\io\netty\netty-codec-socks\4.1.20.Final\netty-codec-socks-4.1.20.Final.jar;C:\Users\Viktor\.m2\repository\io\netty\netty-handler-proxy\4.1.20.Final\netty-handler-proxy-4.1.20.Final.jar;C:\Users\Viktor\.m2\repository\io\netty\netty-transport-native-epoll\4.1.20.Final\netty-transport-native-epoll-4.1.20.Final-linux-x86_64.jar;C:\Users\Viktor\.m2\repository\io\netty\netty-common\4.1.20.Final\netty-common-4.1.20.Final.jar;C:\Users\Viktor\.m2\repository\io\netty\netty-transport-native-unix-common\4.1.20.Final\netty-transport-native-unix-common-4.1.20.Final.jar;C:\Users\Viktor\.m2\repository\io\netty\netty-resolver-dns\4.1.20.Final\netty-resolver-dns-4.1.20.Final.jar;C:\Users\Viktor\.m2\repository\io\netty\netty-resolver\4.1.20.Final\netty-resolver-4.1.20.Final.jar;C:\Users\Viktor\.m2\repository\io\netty\netty-codec-dns\4.1.20.Final\netty-codec-dns-4.1.20.Final.jar;C:\Users\Viktor\.m2\repository\com\typesafe\netty\netty-reactive-streams\2.0.0\netty-reactive-streams-2.0.0.jar;C:\Users\Viktor\.m2\repository\io\netty\netty-all\5.0.0.Alpha2\netty-all-5.0.0.Alpha2.jar;C:\Users\Viktor\.m2\repository\org\slf4j\slf4j-api\1.6.1\slf4j-api-1.6.1.jar;C:\Users\Viktor\.m2\repository\org\slf4j\slf4j-simple\1.7.21\slf4j-simple-1.7.21.jar;C:\Users\Viktor\.m2\repository\org\apache\httpcomponents\httpclient\4.5.13\httpclient-4.5.13.jar;C:\Users\Viktor\.m2\repository\org\apache\httpcomponents\httpcore\4.4.13\httpcore-4.4.13.jar;C:\Users\Viktor\.m2\repository\commons-codec\commons-codec\1.11\commons-codec-1.11.jar;C:\Users\Viktor\.m2\repository\commons-logging\commons-logging\1.2\commons-logging-1.2.jar;C:\Users\Viktor\.m2\repository\com\turo\pushy\0.10\pushy-0.10.jar;C:\Users\Viktor\.m2\repository\io\netty\netty-codec-http2\4.1.11.Final\netty-codec-http2-4.1.11.Final.jar;C:\Users\Viktor\.m2\repository\io\netty\netty-tcnative-boringssl-static\2.0.1.Final\netty-tcnative-boringssl-static-2.0.1.Final.jar;C:\Users\Viktor\.m2\repository\com\google\code\gson\gson\2.8.0\gson-2.8.0.jar;C:\Users\Viktor\.m2\repository\org\reactivestreams\reactive-streams\1.0.3\reactive-streams-1.0.3.jar;C:\Users\Viktor\.m2\repository\commons-io\commons-io\2.11.0\commons-io-2.11.0.jar;"/>
    <property name="sun.cpu.endian" value="little"/>
    <property name="user.home" value="C:\Users\Viktor"/>
    <property name="user.language" value="hu"/>
    <property name="java.specification.vendor" value="Oracle Corporation"/>
    <property name="java.version.date" value="2021-10-19"/>
    <property name="java.home" value="C:\Users\Viktor\.jdks\openjdk-17.0.1"/>
    <property name="file.separator" value="\"/>
    <property name="basedir" value="C:\VodafoneJÓKÓDOK\Vodafone-Updater"/>
    <property name="java.vm.compressedOopsMode" value="Zero based"/>
    <property name="line.separator" value="&#10;"/>
    <property name="java.vm.specification.vendor" value="Oracle Corporation"/>
    <property name="java.specification.name" value="Java Platform API Specification"/>
    <property name="surefire.real.class.path" value="C:\Users\Viktor\AppData\Local\Temp\surefire4134179880071003562\surefirebooter7692855815863421708.jar"/>
    <property name="user.script" value=""/>
    <property name="sun.management.compiler" value="HotSpot 64-Bit Tiered Compilers"/>
    <property name="java.runtime.version" value="17.0.1+12-39"/>
    <property name="user.name" value="Viktor"/>
    <property name="path.separator" value=";"/>
    <property name="os.version" value="10.0"/>
    <property name="java.runtime.name" value="OpenJDK Runtime Environment"/>
    <property name="file.encoding" value="Cp1250"/>
    <property name="java.vm.name" value="OpenJDK 64-Bit Server VM"/>
    <property name="localRepository" value="C:\Users\Viktor\.m2\repository"/>
    <property name="java.vendor.url.bug" value="https://bugreport.java.com/bugreport/"/>
    <property name="java.io.tmpdir" value="C:\Users\Viktor\AppData\Local\Temp\"/>
    <property name="idea.version" value="2022.1"/>
    <property name="java.version" value="17.0.1"/>
    <property name="user.dir" value="C:\VodafoneJÓKÓDOK\Vodafone-Updater"/>
    <property name="os.arch" value="amd64"/>
    <property name="java.vm.specification.name" value="Java Virtual Machine Specification"/>
    <property name="sun.os.patch.level" value=""/>
    <property name="native.encoding" value="Cp1250"/>
    <property name="java.library.path" value="C:\Users\Viktor\.jdks\openjdk-17.0.1\bin;C:\WINDOWS\Sun\Java\bin;C:\WINDOWS\system32;C:\WINDOWS;C:\apache-maven-3.8.4\bin;C:\Program Files (x86)\Eclipse Foundation\jre-8.0.302.8-hotspot\bin;C:\Program Files (x86)\Common Files\Oracle\Java\javapath;C:\Program Files\AdoptOpenJDK\jdk-11.0.11.9-hotspot\bin;C:\Program Files\AdoptOpenJDK\jre-11.0.11.9-hotspot\bin;C:\Windows\system32;C:\Windows;C:\Windows\System32\Wbem;C:\Windows\System32\WindowsPowerShell\v1.0\;C:\Windows\System32\OpenSSH\;C:\Program Files\PuTTY\;C:\Program Files\dotnet\;C:\Program Files\010 Editor;C:\Program Files\Git\cmd;C:\Users\Viktor\AppData\Local\Microsoft\WindowsApps;C:\Users\Viktor\AppData\Local\GitHubDesktop\bin;%SystemRoot%\system32;%SystemRoot%;%SystemRoot%\System32\Wbem;%SYSTEMROOT%\System32\WindowsPowerShell\v1.0\;%SYSTEMROOT%\System32\OpenSSH\;C:\Users\Viktor\AppData\Local\Microsoft\WindowsApps;C:\Users\Viktor\AppData\Local\GitHubDesktop\bin;;."/>
    <property name="java.vm.info" value="mixed mode, sharing"/>
    <property name="java.vendor" value="Oracle Corporation"/>
    <property name="java.vm.version" value="17.0.1+12-39"/>
    <property name="sun.io.unicode.encoding" value="UnicodeLittle"/>
    <property name="java.class.version" value="61.0"/>
  </properties>
  <testcase name="shouldAnswerWithTrue" classname="hu.vodafone.AppTest" time="0.001"/>
</testsuite>